Determining if the pthread_create exist failed with the following output:
Change Dir: /home/jetson/Jetracer_WS_github/build/riccardo_chiesa_pkg/CMakeFiles/CMakeTmp

Run Build Command:"/usr/bin/make" "cmTC_e1fee/fast"
/usr/bin/make -f CMakeFiles/cmTC_e1fee.dir/build.make CMakeFiles/cmTC_e1fee.dir/build
make[1]: Entering directory '/home/jetson/Jetracer_WS_github/build/riccardo_chiesa_pkg/CMakeFiles/CMakeTmp'
Building C object CMakeFiles/cmTC_e1fee.dir/CheckSymbolExists.c.o
/usr/bin/cc    -o CMakeFiles/cmTC_e1fee.dir/CheckSymbolExists.c.o   -c /home/jetson/Jetracer_WS_github/build/riccardo_chiesa_pkg/CMakeFiles/CMakeTmp/CheckSymbolExists.c
Linking C executable cmTC_e1fee
/usr/bin/cmake -E cmake_link_script CMakeFiles/cmTC_e1fee.dir/link.txt --verbose=1
/usr/bin/cc      -rdynamic CMakeFiles/cmTC_e1fee.dir/CheckSymbolExists.c.o  -o cmTC_e1fee 
CMakeFiles/cmTC_e1fee.dir/CheckSymbolExists.c.o: In function `main':
CheckSymbolExists.c:(.text+0x14): undefined reference to `pthread_create'
CheckSymbolExists.c:(.text+0x18): undefined reference to `pthread_create'
collect2: error: ld returned 1 exit status
CMakeFiles/cmTC_e1fee.dir/build.make:97: recipe for target 'cmTC_e1fee' failed
make[1]: *** [cmTC_e1fee] Error 1
make[1]: Leaving directory '/home/jetson/Jetracer_WS_github/build/riccardo_chiesa_pkg/CMakeFiles/CMakeTmp'
Makefile:126: recipe for target 'cmTC_e1fee/fast' failed
make: *** [cmTC_e1fee/fast] Error 2

File /home/jetson/Jetracer_WS_github/build/riccardo_chiesa_pkg/CMakeFiles/CMakeTmp/CheckSymbolExists.c:
/* */
#include <pthread.h>

int main(int argc, char** argv)
{
  (void)argv;
#ifndef pthread_create
  return ((int*)(&pthread_create))[argc];
#else
  (void)argc;
  return 0;
#endif
}

Determining if the function pthread_create exists in the pthreads failed with the following output:
Change Dir: /home/jetson/Jetracer_WS_github/build/riccardo_chiesa_pkg/CMakeFiles/CMakeTmp

Run Build Command:"/usr/bin/make" "cmTC_c37ae/fast"
/usr/bin/make -f CMakeFiles/cmTC_c37ae.dir/build.make CMakeFiles/cmTC_c37ae.dir/build
make[1]: Entering directory '/home/jetson/Jetracer_WS_github/build/riccardo_chiesa_pkg/CMakeFiles/CMakeTmp'
Building C object CMakeFiles/cmTC_c37ae.dir/CheckFunctionExists.c.o
/usr/bin/cc   -DCHECK_FUNCTION_EXISTS=pthread_create   -o CMakeFiles/cmTC_c37ae.dir/CheckFunctionExists.c.o   -c /usr/share/cmake-3.10/Modules/CheckFunctionExists.c
Linking C executable cmTC_c37ae
/usr/bin/cmake -E cmake_link_script CMakeFiles/cmTC_c37ae.dir/link.txt --verbose=1
/usr/bin/cc  -DCHECK_FUNCTION_EXISTS=pthread_create    -rdynamic CMakeFiles/cmTC_c37ae.dir/CheckFunctionExists.c.o  -o cmTC_c37ae -lpthreads 
/usr/bin/ld: cannot find -lpthreads
collect2: error: ld returned 1 exit status
CMakeFiles/cmTC_c37ae.dir/build.make:97: recipe for target 'cmTC_c37ae' failed
make[1]: *** [cmTC_c37ae] Error 1
make[1]: Leaving directory '/home/jetson/Jetracer_WS_github/build/riccardo_chiesa_pkg/CMakeFiles/CMakeTmp'
Makefile:126: recipe for target 'cmTC_c37ae/fast' failed
make: *** [cmTC_c37ae/fast] Error 2


