Determining if the pthread_create exist failed with the following output:
Change Dir: /home/jetson/Jetracer_WS_github/build/lidar_ros/CMakeFiles/CMakeTmp

Run Build Command:"/usr/bin/make" "cmTC_63dd5/fast"
/usr/bin/make -f CMakeFiles/cmTC_63dd5.dir/build.make CMakeFiles/cmTC_63dd5.dir/build
make[1]: Entering directory '/home/jetson/Jetracer_WS_github/build/lidar_ros/CMakeFiles/CMakeTmp'
Building C object CMakeFiles/cmTC_63dd5.dir/CheckSymbolExists.c.o
/usr/bin/cc    -o CMakeFiles/cmTC_63dd5.dir/CheckSymbolExists.c.o   -c /home/jetson/Jetracer_WS_github/build/lidar_ros/CMakeFiles/CMakeTmp/CheckSymbolExists.c
Linking C executable cmTC_63dd5
/usr/bin/cmake -E cmake_link_script CMakeFiles/cmTC_63dd5.dir/link.txt --verbose=1
/usr/bin/cc      -rdynamic CMakeFiles/cmTC_63dd5.dir/CheckSymbolExists.c.o  -o cmTC_63dd5 
CMakeFiles/cmTC_63dd5.dir/CheckSymbolExists.c.o: In function `main':
CheckSymbolExists.c:(.text+0x14): undefined reference to `pthread_create'
CheckSymbolExists.c:(.text+0x18): undefined reference to `pthread_create'
collect2: error: ld returned 1 exit status
CMakeFiles/cmTC_63dd5.dir/build.make:97: recipe for target 'cmTC_63dd5' failed
make[1]: *** [cmTC_63dd5] Error 1
make[1]: Leaving directory '/home/jetson/Jetracer_WS_github/build/lidar_ros/CMakeFiles/CMakeTmp'
Makefile:126: recipe for target 'cmTC_63dd5/fast' failed
make: *** [cmTC_63dd5/fast] Error 2

File /home/jetson/Jetracer_WS_github/build/lidar_ros/CMakeFiles/CMakeTmp/CheckSymbolExists.c:
/* */
#include <pthread.h>

int main(int argc, char** argv)
{
  (void)argv;
#ifndef pthread_create
  return ((int*)(&pthread_create))[argc];
#else
  (void)argc;
  return 0;
#endif
}

Determining if the function pthread_create exists in the pthreads failed with the following output:
Change Dir: /home/jetson/Jetracer_WS_github/build/lidar_ros/CMakeFiles/CMakeTmp

Run Build Command:"/usr/bin/make" "cmTC_e593e/fast"
/usr/bin/make -f CMakeFiles/cmTC_e593e.dir/build.make CMakeFiles/cmTC_e593e.dir/build
make[1]: Entering directory '/home/jetson/Jetracer_WS_github/build/lidar_ros/CMakeFiles/CMakeTmp'
Building C object CMakeFiles/cmTC_e593e.dir/CheckFunctionExists.c.o
/usr/bin/cc   -DCHECK_FUNCTION_EXISTS=pthread_create   -o CMakeFiles/cmTC_e593e.dir/CheckFunctionExists.c.o   -c /usr/share/cmake-3.10/Modules/CheckFunctionExists.c
Linking C executable cmTC_e593e
/usr/bin/cmake -E cmake_link_script CMakeFiles/cmTC_e593e.dir/link.txt --verbose=1
/usr/bin/cc  -DCHECK_FUNCTION_EXISTS=pthread_create    -rdynamic CMakeFiles/cmTC_e593e.dir/CheckFunctionExists.c.o  -o cmTC_e593e -lpthreads 
/usr/bin/ld: cannot find -lpthreads
collect2: error: ld returned 1 exit status
CMakeFiles/cmTC_e593e.dir/build.make:97: recipe for target 'cmTC_e593e' failed
make[1]: *** [cmTC_e593e] Error 1
make[1]: Leaving directory '/home/jetson/Jetracer_WS_github/build/lidar_ros/CMakeFiles/CMakeTmp'
Makefile:126: recipe for target 'cmTC_e593e/fast' failed
make: *** [cmTC_e593e/fast] Error 2


