Symlinking /home/thijs/hackathon/src/Jetracer_WS_github/devel/share/common-lisp/ros/custom_msgs_optitrack/msg/_package.lisp
Symlinking /home/thijs/hackathon/src/Jetracer_WS_github/devel/share/common-lisp/ros/custom_msgs_optitrack/msg/custom_opti_pose_stamped_msg.lisp
Symlinking /home/thijs/hackathon/src/Jetracer_WS_github/devel/share/common-lisp/ros/custom_msgs_optitrack/msg/_package_custom_opti_pose_stamped_msg.lisp
Symlinking /home/thijs/hackathon/src/Jetracer_WS_github/devel/share/common-lisp/ros/custom_msgs_optitrack/msg/custom_msgs_optitrack-msg.asd
Symlinking /home/thijs/hackathon/src/Jetracer_WS_github/devel/share/roseus/ros/custom_msgs_optitrack/manifest.l
Symlinking /home/thijs/hackathon/src/Jetracer_WS_github/devel/share/roseus/ros/custom_msgs_optitrack/msg/custom_opti_pose_stamped_msg.l
Symlinking /home/thijs/hackathon/src/Jetracer_WS_github/devel/share/custom_msgs_optitrack/cmake/custom_msgs_optitrack-msg-extras.cmake
Symlinking /home/thijs/hackathon/src/Jetracer_WS_github/devel/share/custom_msgs_optitrack/cmake/custom_msgs_optitrackConfig-version.cmake
Symlinking /home/thijs/hackathon/src/Jetracer_WS_github/devel/share/custom_msgs_optitrack/cmake/custom_msgs_optitrackConfig.cmake
Symlinking /home/thijs/hackathon/src/Jetracer_WS_github/devel/share/custom_msgs_optitrack/cmake/custom_msgs_optitrack-msg-paths.cmake
Symlinking /home/thijs/hackathon/src/Jetracer_WS_github/devel/share/gennodejs/ros/custom_msgs_optitrack/_index.js
Symlinking /home/thijs/hackathon/src/Jetracer_WS_github/devel/share/gennodejs/ros/custom_msgs_optitrack/msg/custom_opti_pose_stamped_msg.js
Symlinking /home/thijs/hackathon/src/Jetracer_WS_github/devel/share/gennodejs/ros/custom_msgs_optitrack/msg/_index.js
Symlinking /home/thijs/hackathon/src/Jetracer_WS_github/devel/lib/python3/dist-packages/custom_msgs_optitrack/__init__.py
Symlinking /home/thijs/hackathon/src/Jetracer_WS_github/devel/lib/python3/dist-packages/custom_msgs_optitrack/msg/__init__.py
Symlinking /home/thijs/hackathon/src/Jetracer_WS_github/devel/lib/python3/dist-packages/custom_msgs_optitrack/msg/_custom_opti_pose_stamped_msg.py
Symlinking /home/thijs/hackathon/src/Jetracer_WS_github/devel/lib/pkgconfig/custom_msgs_optitrack.pc
Symlinking /home/thijs/hackathon/src/Jetracer_WS_github/devel/include/custom_msgs_optitrack/custom_opti_pose_stamped_msg.h
Cleaning: (/home/jetson/Jetracer_WS_github/devel/.private/custom_msgs_optitrack/cmake.lock, /home/jetson/Jetracer_WS_github/devel/./cmake.lock)
Cleaning: (/home/jetson/Jetracer_WS_github/devel/.private/custom_msgs_optitrack/lib/python2.7/dist-packages/custom_msgs_optitrack/__init__.py, /home/jetson/Jetracer_WS_github/devel/lib/python2.7/dist-packages/custom_msgs_optitrack/__init__.py)
Cleaning: (/home/jetson/Jetracer_WS_github/devel/.private/custom_msgs_optitrack/lib/python2.7/dist-packages/custom_msgs_optitrack/msg/__init__.py, /home/jetson/Jetracer_WS_github/devel/lib/python2.7/dist-packages/custom_msgs_optitrack/msg/__init__.py)
Cleaning: (/home/jetson/Jetracer_WS_github/devel/.private/custom_msgs_optitrack/lib/python2.7/dist-packages/custom_msgs_optitrack/msg/_custom_opti_pose_stamped_msg.py, /home/jetson/Jetracer_WS_github/devel/lib/python2.7/dist-packages/custom_msgs_optitrack/msg/_custom_opti_pose_stamped_msg.py)
Cleaning: (/home/jetson/Jetracer_WS_github/devel/.private/custom_msgs_optitrack/lib/pkgconfig/custom_msgs_optitrack.pc, /home/jetson/Jetracer_WS_github/devel/lib/pkgconfig/custom_msgs_optitrack.pc)
Cleaning: (/home/jetson/Jetracer_WS_github/devel/.private/custom_msgs_optitrack/share/custom_msgs_optitrack/cmake/custom_msgs_optitrack-msg-paths.cmake, /home/jetson/Jetracer_WS_github/devel/share/custom_msgs_optitrack/cmake/custom_msgs_optitrack-msg-paths.cmake)
Cleaning: (/home/jetson/Jetracer_WS_github/devel/.private/custom_msgs_optitrack/share/custom_msgs_optitrack/cmake/custom_msgs_optitrackConfig.cmake, /home/jetson/Jetracer_WS_github/devel/share/custom_msgs_optitrack/cmake/custom_msgs_optitrackConfig.cmake)
Cleaning: (/home/jetson/Jetracer_WS_github/devel/.private/custom_msgs_optitrack/share/custom_msgs_optitrack/cmake/custom_msgs_optitrackConfig-version.cmake, /home/jetson/Jetracer_WS_github/devel/share/custom_msgs_optitrack/cmake/custom_msgs_optitrackConfig-version.cmake)
Cleaning: (/home/jetson/Jetracer_WS_github/devel/.private/custom_msgs_optitrack/share/custom_msgs_optitrack/cmake/custom_msgs_optitrack-msg-extras.cmake, /home/jetson/Jetracer_WS_github/devel/share/custom_msgs_optitrack/cmake/custom_msgs_optitrack-msg-extras.cmake)
Cleaning: (/home/jetson/Jetracer_WS_github/devel/.private/custom_msgs_optitrack/share/common-lisp/ros/custom_msgs_optitrack/msg/_package_custom_opti_pose_stamped_msg.lisp, /home/jetson/Jetracer_WS_github/devel/share/common-lisp/ros/custom_msgs_optitrack/msg/_package_custom_opti_pose_stamped_msg.lisp)
Cleaning: (/home/jetson/Jetracer_WS_github/devel/.private/custom_msgs_optitrack/share/common-lisp/ros/custom_msgs_optitrack/msg/custom_msgs_optitrack-msg.asd, /home/jetson/Jetracer_WS_github/devel/share/common-lisp/ros/custom_msgs_optitrack/msg/custom_msgs_optitrack-msg.asd)
Cleaning: (/home/jetson/Jetracer_WS_github/devel/.private/custom_msgs_optitrack/share/common-lisp/ros/custom_msgs_optitrack/msg/custom_opti_pose_stamped_msg.lisp, /home/jetson/Jetracer_WS_github/devel/share/common-lisp/ros/custom_msgs_optitrack/msg/custom_opti_pose_stamped_msg.lisp)
Cleaning: (/home/jetson/Jetracer_WS_github/devel/.private/custom_msgs_optitrack/share/common-lisp/ros/custom_msgs_optitrack/msg/_package.lisp, /home/jetson/Jetracer_WS_github/devel/share/common-lisp/ros/custom_msgs_optitrack/msg/_package.lisp)
Cleaning: (/home/jetson/Jetracer_WS_github/devel/.private/custom_msgs_optitrack/share/gennodejs/ros/custom_msgs_optitrack/_index.js, /home/jetson/Jetracer_WS_github/devel/share/gennodejs/ros/custom_msgs_optitrack/_index.js)
Cleaning: (/home/jetson/Jetracer_WS_github/devel/.private/custom_msgs_optitrack/share/gennodejs/ros/custom_msgs_optitrack/msg/custom_opti_pose_stamped_msg.js, /home/jetson/Jetracer_WS_github/devel/share/gennodejs/ros/custom_msgs_optitrack/msg/custom_opti_pose_stamped_msg.js)
Cleaning: (/home/jetson/Jetracer_WS_github/devel/.private/custom_msgs_optitrack/share/gennodejs/ros/custom_msgs_optitrack/msg/_index.js, /home/jetson/Jetracer_WS_github/devel/share/gennodejs/ros/custom_msgs_optitrack/msg/_index.js)
Cleaning: (/home/jetson/Jetracer_WS_github/devel/.private/custom_msgs_optitrack/share/roseus/ros/custom_msgs_optitrack/manifest.l, /home/jetson/Jetracer_WS_github/devel/share/roseus/ros/custom_msgs_optitrack/manifest.l)
Cleaning: (/home/jetson/Jetracer_WS_github/devel/.private/custom_msgs_optitrack/share/roseus/ros/custom_msgs_optitrack/msg/custom_opti_pose_stamped_msg.l, /home/jetson/Jetracer_WS_github/devel/share/roseus/ros/custom_msgs_optitrack/msg/custom_opti_pose_stamped_msg.l)
Cleaning: (/home/jetson/Jetracer_WS_github/devel/.private/custom_msgs_optitrack/include/custom_msgs_optitrack/custom_opti_pose_stamped_msg.h, /home/jetson/Jetracer_WS_github/devel/include/custom_msgs_optitrack/custom_opti_pose_stamped_msg.h)
Unlinking: /home/jetson/Jetracer_WS_github/devel/lib/python2.7/dist-packages/custom_msgs_optitrack/__init__.py
Already unlinked: {}
Unlinking: /home/jetson/Jetracer_WS_github/devel/lib/python2.7/dist-packages/custom_msgs_optitrack/msg/__init__.py
Already unlinked: {}
Unlinking: /home/jetson/Jetracer_WS_github/devel/lib/python2.7/dist-packages/custom_msgs_optitrack/msg/_custom_opti_pose_stamped_msg.py
Already unlinked: {}
Unlinking: /home/jetson/Jetracer_WS_github/devel/lib/pkgconfig/custom_msgs_optitrack.pc
Already unlinked: {}
Unlinking: /home/jetson/Jetracer_WS_github/devel/share/custom_msgs_optitrack/cmake/custom_msgs_optitrack-msg-paths.cmake
Already unlinked: {}
Unlinking: /home/jetson/Jetracer_WS_github/devel/share/custom_msgs_optitrack/cmake/custom_msgs_optitrackConfig.cmake
Already unlinked: {}
Unlinking: /home/jetson/Jetracer_WS_github/devel/share/custom_msgs_optitrack/cmake/custom_msgs_optitrackConfig-version.cmake
Already unlinked: {}
Unlinking: /home/jetson/Jetracer_WS_github/devel/share/custom_msgs_optitrack/cmake/custom_msgs_optitrack-msg-extras.cmake
Already unlinked: {}
Unlinking: /home/jetson/Jetracer_WS_github/devel/share/common-lisp/ros/custom_msgs_optitrack/msg/_package_custom_opti_pose_stamped_msg.lisp
Already unlinked: {}
Unlinking: /home/jetson/Jetracer_WS_github/devel/share/common-lisp/ros/custom_msgs_optitrack/msg/custom_msgs_optitrack-msg.asd
Already unlinked: {}
Unlinking: /home/jetson/Jetracer_WS_github/devel/share/common-lisp/ros/custom_msgs_optitrack/msg/custom_opti_pose_stamped_msg.lisp
Already unlinked: {}
Unlinking: /home/jetson/Jetracer_WS_github/devel/share/common-lisp/ros/custom_msgs_optitrack/msg/_package.lisp
Already unlinked: {}
Unlinking: /home/jetson/Jetracer_WS_github/devel/share/gennodejs/ros/custom_msgs_optitrack/_index.js
Already unlinked: {}
Unlinking: /home/jetson/Jetracer_WS_github/devel/share/gennodejs/ros/custom_msgs_optitrack/msg/custom_opti_pose_stamped_msg.js
Already unlinked: {}
Unlinking: /home/jetson/Jetracer_WS_github/devel/share/gennodejs/ros/custom_msgs_optitrack/msg/_index.js
Already unlinked: {}
Unlinking: /home/jetson/Jetracer_WS_github/devel/share/roseus/ros/custom_msgs_optitrack/manifest.l
Already unlinked: {}
Unlinking: /home/jetson/Jetracer_WS_github/devel/share/roseus/ros/custom_msgs_optitrack/msg/custom_opti_pose_stamped_msg.l
Already unlinked: {}
Unlinking: /home/jetson/Jetracer_WS_github/devel/include/custom_msgs_optitrack/custom_opti_pose_stamped_msg.h
Already unlinked: {}
