[36m--[0m Using CATKIN_DEVEL_PREFIX: /home/jetson/Jetracer_WS/devel/.private/cytron_jetracer
[36m--[0m Using CMAKE_PREFIX_PATH: /home/jetson/Jetracer_WS/devel;/home/jetson/catkin_ws/devel;/opt/ros/melodic
[36m--[0m This workspace overlays: /home/jetson/Jetracer_WS/devel;/home/jetson/catkin_ws/devel;/opt/ros/melodic
[36m--[0m Found PythonInterp: /usr/bin/python2 (found suitable version "2.7.17", minimum required is "2")
[36m--[0m Using PYTHON_EXECUTABLE: /usr/bin/python2
[36m--[0m Using Debian Python package layout
[36m--[0m Using empy: /usr/bin/empy
[36m--[0m Using CATKIN_ENABLE_TESTING: ON
[36m--[0m Call enable_testing()
[36m--[0m Using CATKIN_TEST_RESULTS_DIR: /home/jetson/Jetracer_WS/build/cytron_jetracer/test_results
[36m--[0m Found gtest sources under '/usr/src/googletest': gtests will be built
[36m--[0m Found gmock sources under '/usr/src/googletest': gmock will be built
[36m--[0m Found PythonInterp: /usr/bin/python2 (found version "2.7.17")
[36m--[0m Using Python nosetests: /usr/bin/nosetests-2.7
[36m--[0m catkin 0.7.29
[36m--[0m BUILD_SHARED_LIBS is on
[31m[1mCMake Error[0m at /opt/ros/melodic/share/catkin/cmake/catkin_install_python.cmake:68 (message):
  catkin_install_python() called with non-existing file
  '/home/jetson/Jetracer_WS/src/cytron_jetracer/scripts/racecar.py'.
[36mCall Stack (most recent call first):[0m
  CMakeLists.txt:163 (catkin_install_python)


[36m--[0m Configuring incomplete, errors occurred!
See also "/home/jetson/Jetracer_WS/build/cytron_jetracer/CMakeFiles/CMakeOutput.log".
See also "/home/jetson/Jetracer_WS/build/cytron_jetracer/CMakeFiles/CMakeError.log".
Makefile:670: recipe for target 'cmake_check_build_system' failed
make: *** [cmake_check_build_system] Error 1
