Determining if the pthread_create exist failed with the following output:
Change Dir: /home/jetson/Jetracer_WS_github/build/optitrack_package_lyons/CMakeFiles/CMakeTmp

Run Build Command:"/usr/bin/make" "cmTC_244a1/fast"
/usr/bin/make -f CMakeFiles/cmTC_244a1.dir/build.make CMakeFiles/cmTC_244a1.dir/build
make[1]: Entering directory '/home/jetson/Jetracer_WS_github/build/optitrack_package_lyons/CMakeFiles/CMakeTmp'
Building C object CMakeFiles/cmTC_244a1.dir/CheckSymbolExists.c.o
/usr/bin/cc    -o CMakeFiles/cmTC_244a1.dir/CheckSymbolExists.c.o   -c /home/jetson/Jetracer_WS_github/build/optitrack_package_lyons/CMakeFiles/CMakeTmp/CheckSymbolExists.c
Linking C executable cmTC_244a1
/usr/bin/cmake -E cmake_link_script CMakeFiles/cmTC_244a1.dir/link.txt --verbose=1
/usr/bin/cc      -rdynamic CMakeFiles/cmTC_244a1.dir/CheckSymbolExists.c.o  -o cmTC_244a1 
CMakeFiles/cmTC_244a1.dir/CheckSymbolExists.c.o: In function `main':
CheckSymbolExists.c:(.text+0x14): undefined reference to `pthread_create'
CheckSymbolExists.c:(.text+0x18): undefined reference to `pthread_create'
collect2: error: ld returned 1 exit status
CMakeFiles/cmTC_244a1.dir/build.make:97: recipe for target 'cmTC_244a1' failed
make[1]: *** [cmTC_244a1] Error 1
make[1]: Leaving directory '/home/jetson/Jetracer_WS_github/build/optitrack_package_lyons/CMakeFiles/CMakeTmp'
Makefile:126: recipe for target 'cmTC_244a1/fast' failed
make: *** [cmTC_244a1/fast] Error 2

File /home/jetson/Jetracer_WS_github/build/optitrack_package_lyons/CMakeFiles/CMakeTmp/CheckSymbolExists.c:
/* */
#include <pthread.h>

int main(int argc, char** argv)
{
  (void)argv;
#ifndef pthread_create
  return ((int*)(&pthread_create))[argc];
#else
  (void)argc;
  return 0;
#endif
}

Determining if the function pthread_create exists in the pthreads failed with the following output:
Change Dir: /home/jetson/Jetracer_WS_github/build/optitrack_package_lyons/CMakeFiles/CMakeTmp

Run Build Command:"/usr/bin/make" "cmTC_9dd4c/fast"
/usr/bin/make -f CMakeFiles/cmTC_9dd4c.dir/build.make CMakeFiles/cmTC_9dd4c.dir/build
make[1]: Entering directory '/home/jetson/Jetracer_WS_github/build/optitrack_package_lyons/CMakeFiles/CMakeTmp'
Building C object CMakeFiles/cmTC_9dd4c.dir/CheckFunctionExists.c.o
/usr/bin/cc   -DCHECK_FUNCTION_EXISTS=pthread_create   -o CMakeFiles/cmTC_9dd4c.dir/CheckFunctionExists.c.o   -c /usr/share/cmake-3.10/Modules/CheckFunctionExists.c
Linking C executable cmTC_9dd4c
/usr/bin/cmake -E cmake_link_script CMakeFiles/cmTC_9dd4c.dir/link.txt --verbose=1
/usr/bin/cc  -DCHECK_FUNCTION_EXISTS=pthread_create    -rdynamic CMakeFiles/cmTC_9dd4c.dir/CheckFunctionExists.c.o  -o cmTC_9dd4c -lpthreads 
/usr/bin/ld: cannot find -lpthreads
collect2: error: ld returned 1 exit status
CMakeFiles/cmTC_9dd4c.dir/build.make:97: recipe for target 'cmTC_9dd4c' failed
make[1]: *** [cmTC_9dd4c] Error 1
make[1]: Leaving directory '/home/jetson/Jetracer_WS_github/build/optitrack_package_lyons/CMakeFiles/CMakeTmp'
Makefile:126: recipe for target 'cmTC_9dd4c/fast' failed
make: *** [cmTC_9dd4c/fast] Error 2


