Determining if the pthread_create exist failed with the following output:
Change Dir: /home/jetson/Jetracer_WS_github/build/auto_jetracer/CMakeFiles/CMakeTmp

Run Build Command:"/usr/bin/make" "cmTC_ed90a/fast"
/usr/bin/make -f CMakeFiles/cmTC_ed90a.dir/build.make CMakeFiles/cmTC_ed90a.dir/build
make[1]: Entering directory '/home/jetson/Jetracer_WS_github/build/auto_jetracer/CMakeFiles/CMakeTmp'
Building C object CMakeFiles/cmTC_ed90a.dir/CheckSymbolExists.c.o
/usr/bin/cc    -o CMakeFiles/cmTC_ed90a.dir/CheckSymbolExists.c.o   -c /home/jetson/Jetracer_WS_github/build/auto_jetracer/CMakeFiles/CMakeTmp/CheckSymbolExists.c
Linking C executable cmTC_ed90a
/usr/bin/cmake -E cmake_link_script CMakeFiles/cmTC_ed90a.dir/link.txt --verbose=1
/usr/bin/cc      -rdynamic CMakeFiles/cmTC_ed90a.dir/CheckSymbolExists.c.o  -o cmTC_ed90a 
CMakeFiles/cmTC_ed90a.dir/CheckSymbolExists.c.o: In function `main':
CheckSymbolExists.c:(.text+0x14): undefined reference to `pthread_create'
CheckSymbolExists.c:(.text+0x18): undefined reference to `pthread_create'
collect2: error: ld returned 1 exit status
CMakeFiles/cmTC_ed90a.dir/build.make:97: recipe for target 'cmTC_ed90a' failed
make[1]: *** [cmTC_ed90a] Error 1
make[1]: Leaving directory '/home/jetson/Jetracer_WS_github/build/auto_jetracer/CMakeFiles/CMakeTmp'
Makefile:126: recipe for target 'cmTC_ed90a/fast' failed
make: *** [cmTC_ed90a/fast] Error 2

File /home/jetson/Jetracer_WS_github/build/auto_jetracer/CMakeFiles/CMakeTmp/CheckSymbolExists.c:
/* */
#include <pthread.h>

int main(int argc, char** argv)
{
  (void)argv;
#ifndef pthread_create
  return ((int*)(&pthread_create))[argc];
#else
  (void)argc;
  return 0;
#endif
}

Determining if the function pthread_create exists in the pthreads failed with the following output:
Change Dir: /home/jetson/Jetracer_WS_github/build/auto_jetracer/CMakeFiles/CMakeTmp

Run Build Command:"/usr/bin/make" "cmTC_949aa/fast"
/usr/bin/make -f CMakeFiles/cmTC_949aa.dir/build.make CMakeFiles/cmTC_949aa.dir/build
make[1]: Entering directory '/home/jetson/Jetracer_WS_github/build/auto_jetracer/CMakeFiles/CMakeTmp'
Building C object CMakeFiles/cmTC_949aa.dir/CheckFunctionExists.c.o
/usr/bin/cc   -DCHECK_FUNCTION_EXISTS=pthread_create   -o CMakeFiles/cmTC_949aa.dir/CheckFunctionExists.c.o   -c /usr/share/cmake-3.10/Modules/CheckFunctionExists.c
Linking C executable cmTC_949aa
/usr/bin/cmake -E cmake_link_script CMakeFiles/cmTC_949aa.dir/link.txt --verbose=1
/usr/bin/cc  -DCHECK_FUNCTION_EXISTS=pthread_create    -rdynamic CMakeFiles/cmTC_949aa.dir/CheckFunctionExists.c.o  -o cmTC_949aa -lpthreads 
/usr/bin/ld: cannot find -lpthreads
collect2: error: ld returned 1 exit status
CMakeFiles/cmTC_949aa.dir/build.make:97: recipe for target 'cmTC_949aa' failed
make[1]: *** [cmTC_949aa] Error 1
make[1]: Leaving directory '/home/jetson/Jetracer_WS_github/build/auto_jetracer/CMakeFiles/CMakeTmp'
Makefile:126: recipe for target 'cmTC_949aa/fast' failed
make: *** [cmTC_949aa/fast] Error 2


