Determining if the pthread_create exist failed with the following output:
Change Dir: /home/jetson/Jetracer_WS_github/build/apriltag_ros/CMakeFiles/CMakeTmp

Run Build Command:"/usr/bin/make" "cmTC_86c5c/fast"
/usr/bin/make -f CMakeFiles/cmTC_86c5c.dir/build.make CMakeFiles/cmTC_86c5c.dir/build
make[1]: Entering directory '/home/jetson/Jetracer_WS_github/build/apriltag_ros/CMakeFiles/CMakeTmp'
Building C object CMakeFiles/cmTC_86c5c.dir/CheckSymbolExists.c.o
/usr/bin/cc    -o CMakeFiles/cmTC_86c5c.dir/CheckSymbolExists.c.o   -c /home/jetson/Jetracer_WS_github/build/apriltag_ros/CMakeFiles/CMakeTmp/CheckSymbolExists.c
Linking C executable cmTC_86c5c
/usr/bin/cmake -E cmake_link_script CMakeFiles/cmTC_86c5c.dir/link.txt --verbose=1
/usr/bin/cc      -rdynamic CMakeFiles/cmTC_86c5c.dir/CheckSymbolExists.c.o  -o cmTC_86c5c 
CMakeFiles/cmTC_86c5c.dir/CheckSymbolExists.c.o: In function `main':
CheckSymbolExists.c:(.text+0x14): undefined reference to `pthread_create'
CheckSymbolExists.c:(.text+0x18): undefined reference to `pthread_create'
collect2: error: ld returned 1 exit status
CMakeFiles/cmTC_86c5c.dir/build.make:97: recipe for target 'cmTC_86c5c' failed
make[1]: *** [cmTC_86c5c] Error 1
make[1]: Leaving directory '/home/jetson/Jetracer_WS_github/build/apriltag_ros/CMakeFiles/CMakeTmp'
Makefile:126: recipe for target 'cmTC_86c5c/fast' failed
make: *** [cmTC_86c5c/fast] Error 2

File /home/jetson/Jetracer_WS_github/build/apriltag_ros/CMakeFiles/CMakeTmp/CheckSymbolExists.c:
/* */
#include <pthread.h>

int main(int argc, char** argv)
{
  (void)argv;
#ifndef pthread_create
  return ((int*)(&pthread_create))[argc];
#else
  (void)argc;
  return 0;
#endif
}

Determining if the function pthread_create exists in the pthreads failed with the following output:
Change Dir: /home/jetson/Jetracer_WS_github/build/apriltag_ros/CMakeFiles/CMakeTmp

Run Build Command:"/usr/bin/make" "cmTC_bf310/fast"
/usr/bin/make -f CMakeFiles/cmTC_bf310.dir/build.make CMakeFiles/cmTC_bf310.dir/build
make[1]: Entering directory '/home/jetson/Jetracer_WS_github/build/apriltag_ros/CMakeFiles/CMakeTmp'
Building C object CMakeFiles/cmTC_bf310.dir/CheckFunctionExists.c.o
/usr/bin/cc   -DCHECK_FUNCTION_EXISTS=pthread_create   -o CMakeFiles/cmTC_bf310.dir/CheckFunctionExists.c.o   -c /usr/share/cmake-3.10/Modules/CheckFunctionExists.c
Linking C executable cmTC_bf310
/usr/bin/cmake -E cmake_link_script CMakeFiles/cmTC_bf310.dir/link.txt --verbose=1
/usr/bin/cc  -DCHECK_FUNCTION_EXISTS=pthread_create    -rdynamic CMakeFiles/cmTC_bf310.dir/CheckFunctionExists.c.o  -o cmTC_bf310 -lpthreads 
/usr/bin/ld: cannot find -lpthreads
collect2: error: ld returned 1 exit status
CMakeFiles/cmTC_bf310.dir/build.make:97: recipe for target 'cmTC_bf310' failed
make[1]: *** [cmTC_bf310] Error 1
make[1]: Leaving directory '/home/jetson/Jetracer_WS_github/build/apriltag_ros/CMakeFiles/CMakeTmp'
Makefile:126: recipe for target 'cmTC_bf310/fast' failed
make: *** [cmTC_bf310/fast] Error 2


