Determining if the pthread_create exist failed with the following output:
Change Dir: /home/jetson/Jetracer_WS_github/build/lane_following_controller_pkg/CMakeFiles/CMakeTmp

Run Build Command:"/usr/bin/make" "cmTC_6282a/fast"
/usr/bin/make -f CMakeFiles/cmTC_6282a.dir/build.make CMakeFiles/cmTC_6282a.dir/build
make[1]: Entering directory '/home/jetson/Jetracer_WS_github/build/lane_following_controller_pkg/CMakeFiles/CMakeTmp'
Building C object CMakeFiles/cmTC_6282a.dir/CheckSymbolExists.c.o
/usr/bin/cc    -o CMakeFiles/cmTC_6282a.dir/CheckSymbolExists.c.o   -c /home/jetson/Jetracer_WS_github/build/lane_following_controller_pkg/CMakeFiles/CMakeTmp/CheckSymbolExists.c
Linking C executable cmTC_6282a
/usr/bin/cmake -E cmake_link_script CMakeFiles/cmTC_6282a.dir/link.txt --verbose=1
/usr/bin/cc      -rdynamic CMakeFiles/cmTC_6282a.dir/CheckSymbolExists.c.o  -o cmTC_6282a 
CMakeFiles/cmTC_6282a.dir/CheckSymbolExists.c.o: In function `main':
CheckSymbolExists.c:(.text+0x14): undefined reference to `pthread_create'
CheckSymbolExists.c:(.text+0x18): undefined reference to `pthread_create'
collect2: error: ld returned 1 exit status
CMakeFiles/cmTC_6282a.dir/build.make:97: recipe for target 'cmTC_6282a' failed
make[1]: *** [cmTC_6282a] Error 1
make[1]: Leaving directory '/home/jetson/Jetracer_WS_github/build/lane_following_controller_pkg/CMakeFiles/CMakeTmp'
Makefile:126: recipe for target 'cmTC_6282a/fast' failed
make: *** [cmTC_6282a/fast] Error 2

File /home/jetson/Jetracer_WS_github/build/lane_following_controller_pkg/CMakeFiles/CMakeTmp/CheckSymbolExists.c:
/* */
#include <pthread.h>

int main(int argc, char** argv)
{
  (void)argv;
#ifndef pthread_create
  return ((int*)(&pthread_create))[argc];
#else
  (void)argc;
  return 0;
#endif
}

Determining if the function pthread_create exists in the pthreads failed with the following output:
Change Dir: /home/jetson/Jetracer_WS_github/build/lane_following_controller_pkg/CMakeFiles/CMakeTmp

Run Build Command:"/usr/bin/make" "cmTC_93eb9/fast"
/usr/bin/make -f CMakeFiles/cmTC_93eb9.dir/build.make CMakeFiles/cmTC_93eb9.dir/build
make[1]: Entering directory '/home/jetson/Jetracer_WS_github/build/lane_following_controller_pkg/CMakeFiles/CMakeTmp'
Building C object CMakeFiles/cmTC_93eb9.dir/CheckFunctionExists.c.o
/usr/bin/cc   -DCHECK_FUNCTION_EXISTS=pthread_create   -o CMakeFiles/cmTC_93eb9.dir/CheckFunctionExists.c.o   -c /usr/share/cmake-3.10/Modules/CheckFunctionExists.c
Linking C executable cmTC_93eb9
/usr/bin/cmake -E cmake_link_script CMakeFiles/cmTC_93eb9.dir/link.txt --verbose=1
/usr/bin/cc  -DCHECK_FUNCTION_EXISTS=pthread_create    -rdynamic CMakeFiles/cmTC_93eb9.dir/CheckFunctionExists.c.o  -o cmTC_93eb9 -lpthreads 
/usr/bin/ld: cannot find -lpthreads
collect2: error: ld returned 1 exit status
CMakeFiles/cmTC_93eb9.dir/build.make:97: recipe for target 'cmTC_93eb9' failed
make[1]: *** [cmTC_93eb9] Error 1
make[1]: Leaving directory '/home/jetson/Jetracer_WS_github/build/lane_following_controller_pkg/CMakeFiles/CMakeTmp'
Makefile:126: recipe for target 'cmTC_93eb9/fast' failed
make: *** [cmTC_93eb9/fast] Error 2


