Determining if the pthread_create exist failed with the following output:
Change Dir: /home/jetson/Jetracer_WS_github/build/CMakeFiles/CMakeTmp

Run Build Command:"/usr/bin/make" "cmTC_a151d/fast"
/usr/bin/make -f CMakeFiles/cmTC_a151d.dir/build.make CMakeFiles/cmTC_a151d.dir/build
make[1]: Entering directory '/home/jetson/Jetracer_WS_github/build/CMakeFiles/CMakeTmp'
Building C object CMakeFiles/cmTC_a151d.dir/CheckSymbolExists.c.o
/usr/bin/cc    -o CMakeFiles/cmTC_a151d.dir/CheckSymbolExists.c.o   -c /home/jetson/Jetracer_WS_github/build/CMakeFiles/CMakeTmp/CheckSymbolExists.c
Linking C executable cmTC_a151d
/usr/bin/cmake -E cmake_link_script CMakeFiles/cmTC_a151d.dir/link.txt --verbose=1
/usr/bin/cc      -rdynamic CMakeFiles/cmTC_a151d.dir/CheckSymbolExists.c.o  -o cmTC_a151d 
CMakeFiles/cmTC_a151d.dir/CheckSymbolExists.c.o: In function `main':
CheckSymbolExists.c:(.text+0x14): undefined reference to `pthread_create'
CheckSymbolExists.c:(.text+0x18): undefined reference to `pthread_create'
collect2: error: ld returned 1 exit status
CMakeFiles/cmTC_a151d.dir/build.make:97: recipe for target 'cmTC_a151d' failed
make[1]: *** [cmTC_a151d] Error 1
make[1]: Leaving directory '/home/jetson/Jetracer_WS_github/build/CMakeFiles/CMakeTmp'
Makefile:126: recipe for target 'cmTC_a151d/fast' failed
make: *** [cmTC_a151d/fast] Error 2

File /home/jetson/Jetracer_WS_github/build/CMakeFiles/CMakeTmp/CheckSymbolExists.c:
/* */
#include <pthread.h>

int main(int argc, char** argv)
{
  (void)argv;
#ifndef pthread_create
  return ((int*)(&pthread_create))[argc];
#else
  (void)argc;
  return 0;
#endif
}

Determining if the function pthread_create exists in the pthreads failed with the following output:
Change Dir: /home/jetson/Jetracer_WS_github/build/CMakeFiles/CMakeTmp

Run Build Command:"/usr/bin/make" "cmTC_030c4/fast"
/usr/bin/make -f CMakeFiles/cmTC_030c4.dir/build.make CMakeFiles/cmTC_030c4.dir/build
make[1]: Entering directory '/home/jetson/Jetracer_WS_github/build/CMakeFiles/CMakeTmp'
Building C object CMakeFiles/cmTC_030c4.dir/CheckFunctionExists.c.o
/usr/bin/cc   -DCHECK_FUNCTION_EXISTS=pthread_create   -o CMakeFiles/cmTC_030c4.dir/CheckFunctionExists.c.o   -c /usr/share/cmake-3.10/Modules/CheckFunctionExists.c
Linking C executable cmTC_030c4
/usr/bin/cmake -E cmake_link_script CMakeFiles/cmTC_030c4.dir/link.txt --verbose=1
/usr/bin/cc  -DCHECK_FUNCTION_EXISTS=pthread_create    -rdynamic CMakeFiles/cmTC_030c4.dir/CheckFunctionExists.c.o  -o cmTC_030c4 -lpthreads 
/usr/bin/ld: cannot find -lpthreads
collect2: error: ld returned 1 exit status
CMakeFiles/cmTC_030c4.dir/build.make:97: recipe for target 'cmTC_030c4' failed
make[1]: *** [cmTC_030c4] Error 1
make[1]: Leaving directory '/home/jetson/Jetracer_WS_github/build/CMakeFiles/CMakeTmp'
Makefile:126: recipe for target 'cmTC_030c4/fast' failed
make: *** [cmTC_030c4/fast] Error 2


