Determining if the pthread_create exist failed with the following output:
Change Dir: /home/jetson/Jetracer_WS_github/build_isolated/apriltag/devel/CMakeFiles/CMakeTmp

Run Build Command:"/usr/bin/make" "cmTC_320fb/fast"
/usr/bin/make -f CMakeFiles/cmTC_320fb.dir/build.make CMakeFiles/cmTC_320fb.dir/build
make[1]: Entering directory '/home/jetson/Jetracer_WS_github/build_isolated/apriltag/devel/CMakeFiles/CMakeTmp'
Building C object CMakeFiles/cmTC_320fb.dir/CheckSymbolExists.c.o
/usr/bin/cc    -o CMakeFiles/cmTC_320fb.dir/CheckSymbolExists.c.o   -c /home/jetson/Jetracer_WS_github/build_isolated/apriltag/devel/CMakeFiles/CMakeTmp/CheckSymbolExists.c
Linking C executable cmTC_320fb
/usr/bin/cmake -E cmake_link_script CMakeFiles/cmTC_320fb.dir/link.txt --verbose=1
/usr/bin/cc      -rdynamic CMakeFiles/cmTC_320fb.dir/CheckSymbolExists.c.o  -o cmTC_320fb 
CMakeFiles/cmTC_320fb.dir/CheckSymbolExists.c.o: In function `main':
CheckSymbolExists.c:(.text+0x14): undefined reference to `pthread_create'
CheckSymbolExists.c:(.text+0x18): undefined reference to `pthread_create'
collect2: error: ld returned 1 exit status
CMakeFiles/cmTC_320fb.dir/build.make:97: recipe for target 'cmTC_320fb' failed
make[1]: *** [cmTC_320fb] Error 1
make[1]: Leaving directory '/home/jetson/Jetracer_WS_github/build_isolated/apriltag/devel/CMakeFiles/CMakeTmp'
Makefile:126: recipe for target 'cmTC_320fb/fast' failed
make: *** [cmTC_320fb/fast] Error 2

File /home/jetson/Jetracer_WS_github/build_isolated/apriltag/devel/CMakeFiles/CMakeTmp/CheckSymbolExists.c:
/* */
#include <pthread.h>

int main(int argc, char** argv)
{
  (void)argv;
#ifndef pthread_create
  return ((int*)(&pthread_create))[argc];
#else
  (void)argc;
  return 0;
#endif
}

Determining if the function pthread_create exists in the pthreads failed with the following output:
Change Dir: /home/jetson/Jetracer_WS_github/build_isolated/apriltag/devel/CMakeFiles/CMakeTmp

Run Build Command:"/usr/bin/make" "cmTC_877eb/fast"
/usr/bin/make -f CMakeFiles/cmTC_877eb.dir/build.make CMakeFiles/cmTC_877eb.dir/build
make[1]: Entering directory '/home/jetson/Jetracer_WS_github/build_isolated/apriltag/devel/CMakeFiles/CMakeTmp'
Building C object CMakeFiles/cmTC_877eb.dir/CheckFunctionExists.c.o
/usr/bin/cc   -DCHECK_FUNCTION_EXISTS=pthread_create   -o CMakeFiles/cmTC_877eb.dir/CheckFunctionExists.c.o   -c /usr/share/cmake-3.10/Modules/CheckFunctionExists.c
Linking C executable cmTC_877eb
/usr/bin/cmake -E cmake_link_script CMakeFiles/cmTC_877eb.dir/link.txt --verbose=1
/usr/bin/cc  -DCHECK_FUNCTION_EXISTS=pthread_create    -rdynamic CMakeFiles/cmTC_877eb.dir/CheckFunctionExists.c.o  -o cmTC_877eb -lpthreads 
/usr/bin/ld: cannot find -lpthreads
collect2: error: ld returned 1 exit status
CMakeFiles/cmTC_877eb.dir/build.make:97: recipe for target 'cmTC_877eb' failed
make[1]: *** [cmTC_877eb] Error 1
make[1]: Leaving directory '/home/jetson/Jetracer_WS_github/build_isolated/apriltag/devel/CMakeFiles/CMakeTmp'
Makefile:126: recipe for target 'cmTC_877eb/fast' failed
make: *** [cmTC_877eb/fast] Error 2


