Determining if the pthread_create exist failed with the following output:
Change Dir: /home/jetson/Jetracer_WS_github/build_isolated/auto_jetracer/CMakeFiles/CMakeTmp

Run Build Command:"/usr/bin/make" "cmTC_07cdb/fast"
/usr/bin/make -f CMakeFiles/cmTC_07cdb.dir/build.make CMakeFiles/cmTC_07cdb.dir/build
make[1]: Entering directory '/home/jetson/Jetracer_WS_github/build_isolated/auto_jetracer/CMakeFiles/CMakeTmp'
Building C object CMakeFiles/cmTC_07cdb.dir/CheckSymbolExists.c.o
/usr/bin/cc    -o CMakeFiles/cmTC_07cdb.dir/CheckSymbolExists.c.o   -c /home/jetson/Jetracer_WS_github/build_isolated/auto_jetracer/CMakeFiles/CMakeTmp/CheckSymbolExists.c
Linking C executable cmTC_07cdb
/usr/bin/cmake -E cmake_link_script CMakeFiles/cmTC_07cdb.dir/link.txt --verbose=1
/usr/bin/cc      -rdynamic CMakeFiles/cmTC_07cdb.dir/CheckSymbolExists.c.o  -o cmTC_07cdb 
CMakeFiles/cmTC_07cdb.dir/CheckSymbolExists.c.o: In function `main':
CheckSymbolExists.c:(.text+0x14): undefined reference to `pthread_create'
CheckSymbolExists.c:(.text+0x18): undefined reference to `pthread_create'
collect2: error: ld returned 1 exit status
CMakeFiles/cmTC_07cdb.dir/build.make:97: recipe for target 'cmTC_07cdb' failed
make[1]: *** [cmTC_07cdb] Error 1
make[1]: Leaving directory '/home/jetson/Jetracer_WS_github/build_isolated/auto_jetracer/CMakeFiles/CMakeTmp'
Makefile:126: recipe for target 'cmTC_07cdb/fast' failed
make: *** [cmTC_07cdb/fast] Error 2

File /home/jetson/Jetracer_WS_github/build_isolated/auto_jetracer/CMakeFiles/CMakeTmp/CheckSymbolExists.c:
/* */
#include <pthread.h>

int main(int argc, char** argv)
{
  (void)argv;
#ifndef pthread_create
  return ((int*)(&pthread_create))[argc];
#else
  (void)argc;
  return 0;
#endif
}

Determining if the function pthread_create exists in the pthreads failed with the following output:
Change Dir: /home/jetson/Jetracer_WS_github/build_isolated/auto_jetracer/CMakeFiles/CMakeTmp

Run Build Command:"/usr/bin/make" "cmTC_59e9e/fast"
/usr/bin/make -f CMakeFiles/cmTC_59e9e.dir/build.make CMakeFiles/cmTC_59e9e.dir/build
make[1]: Entering directory '/home/jetson/Jetracer_WS_github/build_isolated/auto_jetracer/CMakeFiles/CMakeTmp'
Building C object CMakeFiles/cmTC_59e9e.dir/CheckFunctionExists.c.o
/usr/bin/cc   -DCHECK_FUNCTION_EXISTS=pthread_create   -o CMakeFiles/cmTC_59e9e.dir/CheckFunctionExists.c.o   -c /usr/share/cmake-3.10/Modules/CheckFunctionExists.c
Linking C executable cmTC_59e9e
/usr/bin/cmake -E cmake_link_script CMakeFiles/cmTC_59e9e.dir/link.txt --verbose=1
/usr/bin/cc  -DCHECK_FUNCTION_EXISTS=pthread_create    -rdynamic CMakeFiles/cmTC_59e9e.dir/CheckFunctionExists.c.o  -o cmTC_59e9e -lpthreads 
/usr/bin/ld: cannot find -lpthreads
collect2: error: ld returned 1 exit status
CMakeFiles/cmTC_59e9e.dir/build.make:97: recipe for target 'cmTC_59e9e' failed
make[1]: *** [cmTC_59e9e] Error 1
make[1]: Leaving directory '/home/jetson/Jetracer_WS_github/build_isolated/auto_jetracer/CMakeFiles/CMakeTmp'
Makefile:126: recipe for target 'cmTC_59e9e/fast' failed
make: *** [cmTC_59e9e/fast] Error 2


